2025-11-07 20:04:46 Loading main app package /nix/store/7bbbwayzzinf5kpm98qq5pzxv8cm42wj-obsidian-1.8.10/share/obsidian/obsidian.asar
2025-11-07 20:04:47 Checking for update using Github
2025-11-07 20:04:48 Success.
2025-11-07 20:04:48 Latest version is 1.9.14
2025-11-07 20:04:48 Downloading update from https://github.com/obsidianmd/obsidian-releases/releases/download/v1.9.14/obsidian-1.9.14.asar.gz
2025-11-07 20:04:51 Verifying hash & signature. Size= 9033685
2025-11-07 20:04:51 Saving file
2025-11-07 20:04:52 Update complete.
2025-11-07 21:13:36 Loading updated app package /home/phate/.config/obsidian/obsidian-1.9.14.asar
2025-11-07 21:13:36 Checking for update using Github
2025-11-07 21:13:37 Success.
2025-11-07 21:13:37 Latest version is 1.9.14
2025-11-07 21:13:37 App is up to date.
2025-11-16 10:58:00 Loading updated app package /home/phate/.config/obsidian/obsidian-1.9.14.asar
2025-11-16 10:58:02 Checking for update using Github
2025-11-16 10:58:04 Success.
2025-11-16 10:58:04 Latest version is 1.10.3
2025-11-16 10:58:04 Downloading update from https://github.com/obsidianmd/obsidian-releases/releases/download/v1.10.3/obsidian-1.10.3.asar.gz
2025-11-17 11:38:54 Loading updated app package /home/phate/.config/obsidian/obsidian-1.9.14.asar
2025-11-17 11:38:56 Checking for update using Github
2025-11-17 11:38:58 Success.
2025-11-17 11:38:58 Latest version is 1.10.3
2025-11-17 11:38:58 Downloading update from https://github.com/obsidianmd/obsidian-releases/releases/download/v1.10.3/obsidian-1.10.3.asar.gz
2025-11-17 11:39:05 Verifying hash & signature. Size= 9053948
2025-11-17 11:39:05 Saving file
2025-11-17 11:39:07 Update complete.
2025-11-17 11:40:57 Loading updated app package /home/phate/.config/obsidian/obsidian-1.10.3.asar
2025-11-17 11:40:58 Checking for update using Github
2025-11-17 11:40:58 Success.
2025-11-17 11:40:58 Latest version is 1.10.3
2025-11-17 11:40:58 App is up to date.
2025-11-17 11:43:32 Loading updated app package /home/phate/.config/obsidian/obsidian-1.10.3.asar
2025-11-17 11:43:33 Checking for update using Github
2025-11-17 11:43:33 Success.
2025-11-17 11:43:33 Latest version is 1.10.3
2025-11-17 11:43:33 App is up to date.
